Determining if the pthread_create exist failed with the following output:
Change Dir: /home/wang/Desktop/SSH/lib/gSLICrPy/build/CMakeFiles/CMakeTmp

Run Build Command:"/usr/bin/make" "cmTC_67d66/fast"
/usr/bin/make -f CMakeFiles/cmTC_67d66.dir/build.make CMakeFiles/cmTC_67d66.dir/build
make[1]: Entering directory '/home/wang/Desktop/SSH/lib/gSLICrPy/build/CMakeFiles/CMakeTmp'
Building C object CMakeFiles/cmTC_67d66.dir/CheckSymbolExists.c.o
/usr/bin/cc   -fPIC    -o CMakeFiles/cmTC_67d66.dir/CheckSymbolExists.c.o   -c /home/wang/Desktop/SSH/lib/gSLICrPy/build/CMakeFiles/CMakeTmp/CheckSymbolExists.c
Linking C executable cmTC_67d66
/usr/bin/cmake -E cmake_link_script CMakeFiles/cmTC_67d66.dir/link.txt --verbose=1
/usr/bin/cc -fPIC     -rdynamic CMakeFiles/cmTC_67d66.dir/CheckSymbolExists.c.o  -o cmTC_67d66 
CMakeFiles/cmTC_67d66.dir/CheckSymbolExists.c.o: In function `main':
CheckSymbolExists.c:(.text+0x1b): undefined reference to `pthread_create'
collect2: error: ld returned 1 exit status
CMakeFiles/cmTC_67d66.dir/build.make:97: recipe for target 'cmTC_67d66' failed
make[1]: *** [cmTC_67d66] Error 1
make[1]: Leaving directory '/home/wang/Desktop/SSH/lib/gSLICrPy/build/CMakeFiles/CMakeTmp'
Makefile:126: recipe for target 'cmTC_67d66/fast' failed
make: *** [cmTC_67d66/fast] Error 2

File /home/wang/Desktop/SSH/lib/gSLICrPy/build/CMakeFiles/CMakeTmp/CheckSymbolExists.c:
/* */
#include <pthread.h>

int main(int argc, char** argv)
{
  (void)argv;
#ifndef pthread_create
  return ((int*)(&pthread_create))[argc];
#else
  (void)argc;
  return 0;
#endif
}

Determining if the function pthread_create exists in the pthreads failed with the following output:
Change Dir: /home/wang/Desktop/SSH/lib/gSLICrPy/build/CMakeFiles/CMakeTmp

Run Build Command:"/usr/bin/make" "cmTC_e51b7/fast"
/usr/bin/make -f CMakeFiles/cmTC_e51b7.dir/build.make CMakeFiles/cmTC_e51b7.dir/build
make[1]: Entering directory '/home/wang/Desktop/SSH/lib/gSLICrPy/build/CMakeFiles/CMakeTmp'
Building C object CMakeFiles/cmTC_e51b7.dir/CheckFunctionExists.c.o
/usr/bin/cc   -fPIC -DCHECK_FUNCTION_EXISTS=pthread_create   -o CMakeFiles/cmTC_e51b7.dir/CheckFunctionExists.c.o   -c /usr/share/cmake-3.10/Modules/CheckFunctionExists.c
Linking C executable cmTC_e51b7
/usr/bin/cmake -E cmake_link_script CMakeFiles/cmTC_e51b7.dir/link.txt --verbose=1
/usr/bin/cc -fPIC -DCHECK_FUNCTION_EXISTS=pthread_create    -rdynamic CMakeFiles/cmTC_e51b7.dir/CheckFunctionExists.c.o  -o cmTC_e51b7 -lpthreads 
/usr/bin/ld: cannot find -lpthreads
collect2: error: ld returned 1 exit status
CMakeFiles/cmTC_e51b7.dir/build.make:97: recipe for target 'cmTC_e51b7' failed
make[1]: *** [cmTC_e51b7] Error 1
make[1]: Leaving directory '/home/wang/Desktop/SSH/lib/gSLICrPy/build/CMakeFiles/CMakeTmp'
Makefile:126: recipe for target 'cmTC_e51b7/fast' failed
make: *** [cmTC_e51b7/fast] Error 2


